<?xml version="1.0" encoding="UTF-8"?>
<testng-results ignored="0" total="1" passed="1" failed="0" skipped="0">
  <reporter-output>
  </reporter-output>
  <suite started-at="2021-07-31T12:11:17 IST" name="Default suite" finished-at="2021-07-31T12:11:27 IST" duration-ms="10107">
    <groups>
    </groups>
    <test started-at="2021-07-31T12:11:17 IST" name="Default test" finished-at="2021-07-31T12:11:27 IST" duration-ms="10107">
      <class name="Pcom.rmgyantra.parameter.FormParameter">
        <test-method signature="formParameter()[pri:0, instance:Pcom.rmgyantra.parameter.FormParameter@6f27a732]" started-at="2021-07-31T12:11:17 IST" name="formParameter" finished-at="2021-07-31T12:11:27 IST" duration-ms="10026" status="PASS">
          <reporter-output>
          </reporter-output>
        </test-method> <!-- formParameter -->
      </class> <!-- Pcom.rmgyantra.parameter.FormParameter -->
    </test> <!-- Default test -->
  </suite> <!-- Default suite -->
</testng-results>
